Analysis & Synthesis report for SnakeGame
Mon Apr 12 18:50:47 2021
Quartus Prime Version 20.1.0 Build 711 06/05/2020 SJ Lite Edition


---------------------
; Table of Contents ;
---------------------
  1. Legal Notice
  2. Analysis & Synthesis Summary
  3. Analysis & Synthesis Settings
  4. Parallel Compilation
  5. Analysis & Synthesis Source Files Read
  6. Analysis & Synthesis Resource Usage Summary
  7. Analysis & Synthesis Resource Utilization by Entity
  8. Registers Removed During Synthesis
  9. Removed Registers Triggering Further Register Optimizations
 10. General Register Statistics
 11. Inverted Register Statistics
 12. Multiplexer Restructuring Statistics (Restructuring Performed)
 13. Parameter Settings for User Entity Instance: VGA_Generator:vga
 14. Post-Synthesis Netlist Statistics for Top Partition
 15. Elapsed Time Per Partition
 16. Analysis & Synthesis Messages
 17. Analysis & Synthesis Suppressed Messages



----------------
; Legal Notice ;
----------------
Copyright (C) 2020  Intel Corporation. All rights reserved.
Your use of Intel Corporation's design tools, logic functions 
and other software and tools, and any partner logic 
functions, and any output files from any of the foregoing 
(including device programming or simulation files), and any 
associated documentation or information are expressly subject 
to the terms and conditions of the Intel Program License 
Subscription Agreement, the Intel Quartus Prime License Agreement,
the Intel FPGA IP License Agreement, or other applicable license
agreement, including, without limitation, that your use is for
the sole purpose of programming logic devices manufactured by
Intel and sold by Intel or its authorized distributors.  Please
refer to the applicable agreement for further details, at
https://fpgasoftware.intel.com/eula.



+----------------------------------------------------------------------------------+
; Analysis & Synthesis Summary                                                     ;
+------------------------------------+---------------------------------------------+
; Analysis & Synthesis Status        ; Successful - Mon Apr 12 18:50:47 2021       ;
; Quartus Prime Version              ; 20.1.0 Build 711 06/05/2020 SJ Lite Edition ;
; Revision Name                      ; SnakeGame                                   ;
; Top-level Entity Name              ; SnakeGame                                   ;
; Family                             ; MAX 10                                      ;
; Total logic elements               ; 349                                         ;
;     Total combinational functions  ; 337                                         ;
;     Dedicated logic registers      ; 127                                         ;
; Total registers                    ; 127                                         ;
; Total pins                         ; 18                                          ;
; Total virtual pins                 ; 0                                           ;
; Total memory bits                  ; 0                                           ;
; Embedded Multiplier 9-bit elements ; 0                                           ;
; Total PLLs                         ; 0                                           ;
; UFM blocks                         ; 0                                           ;
; ADC blocks                         ; 0                                           ;
+------------------------------------+---------------------------------------------+


+------------------------------------------------------------------------------------------------------------+
; Analysis & Synthesis Settings                                                                              ;
+------------------------------------------------------------------+--------------------+--------------------+
; Option                                                           ; Setting            ; Default Value      ;
+------------------------------------------------------------------+--------------------+--------------------+
; Device                                                           ; 10M50DAF484C6GES   ;                    ;
; Top-level entity name                                            ; SnakeGame          ; SnakeGame          ;
; Family name                                                      ; MAX 10             ; Cyclone V          ;
; Use smart compilation                                            ; Off                ; Off                ;
; Enable parallel Assembler and Timing Analyzer during compilation ; On                 ; On                 ;
; Enable compact report table                                      ; Off                ; Off                ;
; Restructure Multiplexers                                         ; Auto               ; Auto               ;
; Create Debugging Nodes for IP Cores                              ; Off                ; Off                ;
; Preserve fewer node names                                        ; On                 ; On                 ;
; Intel FPGA IP Evaluation Mode                                    ; Enable             ; Enable             ;
; Verilog Version                                                  ; Verilog_2001       ; Verilog_2001       ;
; VHDL Version                                                     ; VHDL_1993          ; VHDL_1993          ;
; State Machine Processing                                         ; Auto               ; Auto               ;
; Safe State Machine                                               ; Off                ; Off                ;
; Extract Verilog State Machines                                   ; On                 ; On                 ;
; Extract VHDL State Machines                                      ; On                 ; On                 ;
; Ignore Verilog initial constructs                                ; Off                ; Off                ;
; Iteration limit for constant Verilog loops                       ; 5000               ; 5000               ;
; Iteration limit for non-constant Verilog loops                   ; 250                ; 250                ;
; Add Pass-Through Logic to Inferred RAMs                          ; On                 ; On                 ;
; Infer RAMs from Raw Logic                                        ; On                 ; On                 ;
; Parallel Synthesis                                               ; On                 ; On                 ;
; DSP Block Balancing                                              ; Auto               ; Auto               ;
; NOT Gate Push-Back                                               ; On                 ; On                 ;
; Power-Up Don't Care                                              ; On                 ; On                 ;
; Remove Redundant Logic Cells                                     ; Off                ; Off                ;
; Remove Duplicate Registers                                       ; On                 ; On                 ;
; Ignore CARRY Buffers                                             ; Off                ; Off                ;
; Ignore CASCADE Buffers                                           ; Off                ; Off                ;
; Ignore GLOBAL Buffers                                            ; Off                ; Off                ;
; Ignore ROW GLOBAL Buffers                                        ; Off                ; Off                ;
; Ignore LCELL Buffers                                             ; Off                ; Off                ;
; Ignore SOFT Buffers                                              ; On                 ; On                 ;
; Limit AHDL Integers to 32 Bits                                   ; Off                ; Off                ;
; Optimization Technique                                           ; Balanced           ; Balanced           ;
; Carry Chain Length                                               ; 70                 ; 70                 ;
; Auto Carry Chains                                                ; On                 ; On                 ;
; Auto Open-Drain Pins                                             ; On                 ; On                 ;
; Perform WYSIWYG Primitive Resynthesis                            ; Off                ; Off                ;
; Auto ROM Replacement                                             ; On                 ; On                 ;
; Auto RAM Replacement                                             ; On                 ; On                 ;
; Auto DSP Block Replacement                                       ; On                 ; On                 ;
; Auto Shift Register Replacement                                  ; Auto               ; Auto               ;
; Allow Shift Register Merging across Hierarchies                  ; Auto               ; Auto               ;
; Auto Clock Enable Replacement                                    ; On                 ; On                 ;
; Strict RAM Replacement                                           ; Off                ; Off                ;
; Allow Synchronous Control Signals                                ; On                 ; On                 ;
; Force Use of Synchronous Clear Signals                           ; Off                ; Off                ;
; Auto RAM Block Balancing                                         ; On                 ; On                 ;
; Auto RAM to Logic Cell Conversion                                ; Off                ; Off                ;
; Auto Resource Sharing                                            ; Off                ; Off                ;
; Allow Any RAM Size For Recognition                               ; Off                ; Off                ;
; Allow Any ROM Size For Recognition                               ; Off                ; Off                ;
; Allow Any Shift Register Size For Recognition                    ; Off                ; Off                ;
; Use LogicLock Constraints during Resource Balancing              ; On                 ; On                 ;
; Ignore translate_off and synthesis_off directives                ; Off                ; Off                ;
; Timing-Driven Synthesis                                          ; On                 ; On                 ;
; Report Parameter Settings                                        ; On                 ; On                 ;
; Report Source Assignments                                        ; On                 ; On                 ;
; Report Connectivity Checks                                       ; On                 ; On                 ;
; Ignore Maximum Fan-Out Assignments                               ; Off                ; Off                ;
; Synchronization Register Chain Length                            ; 2                  ; 2                  ;
; Power Optimization During Synthesis                              ; Normal compilation ; Normal compilation ;
; HDL message level                                                ; Level2             ; Level2             ;
; Suppress Register Optimization Related Messages                  ; Off                ; Off                ;
; Number of Removed Registers Reported in Synthesis Report         ; 5000               ; 5000               ;
; Number of Swept Nodes Reported in Synthesis Report               ; 5000               ; 5000               ;
; Number of Inverted Registers Reported in Synthesis Report        ; 100                ; 100                ;
; Clock MUX Protection                                             ; On                 ; On                 ;
; Auto Gated Clock Conversion                                      ; Off                ; Off                ;
; Block Design Naming                                              ; Auto               ; Auto               ;
; SDC constraint protection                                        ; Off                ; Off                ;
; Synthesis Effort                                                 ; Auto               ; Auto               ;
; Shift Register Replacement - Allow Asynchronous Clear Signal     ; On                 ; On                 ;
; Pre-Mapping Resynthesis Optimization                             ; Off                ; Off                ;
; Analysis & Synthesis Message Level                               ; Medium             ; Medium             ;
; Disable Register Merging Across Hierarchies                      ; Auto               ; Auto               ;
; Resource Aware Inference For Block RAM                           ; On                 ; On                 ;
+------------------------------------------------------------------+--------------------+--------------------+


+------------------------------------------+
; Parallel Compilation                     ;
+----------------------------+-------------+
; Processors                 ; Number      ;
+----------------------------+-------------+
; Number detected on machine ; 6           ;
; Maximum allowed            ; 6           ;
;                            ;             ;
; Average used               ; 1.00        ;
; Maximum used               ; 6           ;
;                            ;             ;
; Usage by Processor         ; % Time Used ;
;     Processor 1            ; 100.0%      ;
;     Processor 2            ;   0.0%      ;
;     Processors 3-6         ;   0.0%      ;
+----------------------------+-------------+


+--------------------------------------------------------------------------------------------------------------------------------------------------------------+
; Analysis & Synthesis Source Files Read                                                                                                                       ;
+----------------------------------+-----------------+------------------------+----------------------------------------------------------------------+---------+
; File Name with User-Entered Path ; Used in Netlist ; File Type              ; File Name with Absolute Path                                         ; Library ;
+----------------------------------+-----------------+------------------------+----------------------------------------------------------------------+---------+
; SnakeGame.v                      ; yes             ; User Verilog HDL File  ; D:/Education/University/3rd Year/EECS 3216/Final Project/SnakeGame.v ;         ;
+----------------------------------+-----------------+------------------------+----------------------------------------------------------------------+---------+


+-----------------------------------------------------------------------+
; Analysis & Synthesis Resource Usage Summary                           ;
+---------------------------------------------+-------------------------+
; Resource                                    ; Usage                   ;
+---------------------------------------------+-------------------------+
; Estimated Total logic elements              ; 349                     ;
;                                             ;                         ;
; Total combinational functions               ; 337                     ;
; Logic element usage by number of LUT inputs ;                         ;
;     -- 4 input functions                    ; 68                      ;
;     -- 3 input functions                    ; 125                     ;
;     -- <=2 input functions                  ; 144                     ;
;                                             ;                         ;
; Logic elements by mode                      ;                         ;
;     -- normal mode                          ; 171                     ;
;     -- arithmetic mode                      ; 166                     ;
;                                             ;                         ;
; Total registers                             ; 127                     ;
;     -- Dedicated logic registers            ; 127                     ;
;     -- I/O registers                        ; 0                       ;
;                                             ;                         ;
; I/O pins                                    ; 18                      ;
;                                             ;                         ;
; Embedded Multiplier 9-bit elements          ; 0                       ;
;                                             ;                         ;
; Maximum fan-out node                        ; ClockDivider:c1|vga_clk ;
; Maximum fan-out                             ; 80                      ;
; Total fan-out                               ; 1228                    ;
; Average fan-out                             ; 2.46                    ;
+---------------------------------------------+-------------------------+


+-----------------------------------------------------------------------------------------------------------------------------------------------------------------------------------------------------------------------------------------------+
; Analysis & Synthesis Resource Utilization by Entity                                                                                                                                                                                           ;
+----------------------------+---------------------+---------------------------+-------------+------------+--------------+---------+-----------+------+--------------+------------+------------------------------+---------------+--------------+
; Compilation Hierarchy Node ; Combinational ALUTs ; Dedicated Logic Registers ; Memory Bits ; UFM Blocks ; DSP Elements ; DSP 9x9 ; DSP 18x18 ; Pins ; Virtual Pins ; ADC blocks ; Full Hierarchy Name          ; Entity Name   ; Library Name ;
+----------------------------+---------------------+---------------------------+-------------+------------+--------------+---------+-----------+------+--------------+------------+------------------------------+---------------+--------------+
; |SnakeGame                 ; 337 (220)           ; 127 (54)                  ; 0           ; 0          ; 0            ; 0       ; 0         ; 18   ; 0            ; 0          ; |SnakeGame                   ; SnakeGame     ; work         ;
;    |ClockDivider2:c2|      ; 38 (38)             ; 23 (23)                   ; 0           ; 0          ; 0            ; 0       ; 0         ; 0    ; 0            ; 0          ; |SnakeGame|ClockDivider2:c2  ; ClockDivider2 ; work         ;
;    |ClockDivider:c1|       ; 1 (1)               ; 2 (2)                     ; 0           ; 0          ; 0            ; 0       ; 0         ; 0    ; 0            ; 0          ; |SnakeGame|ClockDivider:c1   ; ClockDivider  ; work         ;
;    |VGA_Generator:vga|     ; 43 (43)             ; 23 (23)                   ; 0           ; 0          ; 0            ; 0       ; 0         ; 0    ; 0            ; 0          ; |SnakeGame|VGA_Generator:vga ; VGA_Generator ; work         ;
;    |buttonInput:b1|        ; 0 (0)               ; 2 (2)                     ; 0           ; 0          ; 0            ; 0       ; 0         ; 0    ; 0            ; 0          ; |SnakeGame|buttonInput:b1    ; buttonInput   ; work         ;
;    |randomGen:comb_3|      ; 35 (35)             ; 23 (23)                   ; 0           ; 0          ; 0            ; 0       ; 0         ; 0    ; 0            ; 0          ; |SnakeGame|randomGen:comb_3  ; randomGen     ; work         ;
+----------------------------+---------------------+---------------------------+-------------+------------+--------------+---------+-----------+------+--------------+------------+------------------------------+---------------+--------------+
Note: For table entries with two numbers listed, the numbers in parentheses indicate the number of resources of the given type used by the specific entity alone. The numbers listed outside of parentheses indicate the total resources of the given type used by the specific entity and all of its sub-entities in the hierarchy.


+---------------------------------------------------------------------------------+
; Registers Removed During Synthesis                                              ;
+----------------------------------------+----------------------------------------+
; Register name                          ; Reason for Removal                     ;
+----------------------------------------+----------------------------------------+
; randomGen:comb_3|rand_X[1]             ; Merged with randomGen:comb_3|rand_X[0] ;
; appleX[1]                              ; Merged with appleX[0]                  ;
; appleY[9]                              ; Stuck at GND due to stuck port data_in ;
; randomGen:comb_3|rand_X[0]             ; Stuck at GND due to stuck port data_in ;
; appleX[0]                              ; Stuck at GND due to stuck port data_in ;
; randomGen:comb_3|Ycor[0]               ; Merged with randomGen:comb_3|Xcor[1]   ;
; randomGen:comb_3|Xcor[2]               ; Merged with randomGen:comb_3|Ycor[1]   ;
; randomGen:comb_3|Xcor[3]               ; Merged with randomGen:comb_3|Ycor[2]   ;
; randomGen:comb_3|Xcor[4]               ; Merged with randomGen:comb_3|Ycor[3]   ;
; randomGen:comb_3|Xcor[5]               ; Merged with randomGen:comb_3|Ycor[4]   ;
; Total Number of Removed Registers = 10 ;                                        ;
+----------------------------------------+----------------------------------------+


+-------------------------------------------------------------------------------------------------+
; Removed Registers Triggering Further Register Optimizations                                     ;
+----------------------------+---------------------------+----------------------------------------+
; Register name              ; Reason for Removal        ; Registers Removed due to This Register ;
+----------------------------+---------------------------+----------------------------------------+
; randomGen:comb_3|rand_X[0] ; Stuck at GND              ; appleX[0]                              ;
;                            ; due to stuck port data_in ;                                        ;
+----------------------------+---------------------------+----------------------------------------+


+------------------------------------------------------+
; General Register Statistics                          ;
+----------------------------------------------+-------+
; Statistic                                    ; Value ;
+----------------------------------------------+-------+
; Total registers                              ; 127   ;
; Number of registers using Synchronous Clear  ; 0     ;
; Number of registers using Synchronous Load   ; 0     ;
; Number of registers using Asynchronous Clear ; 0     ;
; Number of registers using Asynchronous Load  ; 0     ;
; Number of registers using Clock Enable       ; 27    ;
; Number of registers using Preset             ; 0     ;
+----------------------------------------------+-------+


+---------------------------------------------------+
; Inverted Register Statistics                      ;
+-----------------------------------------+---------+
; Inverted Register                       ; Fan out ;
+-----------------------------------------+---------+
; snakeY[4]                               ; 6       ;
; snakeY[2]                               ; 7       ;
; snakeX[4]                               ; 6       ;
; snakeX[2]                               ; 7       ;
; appleY[7]                               ; 2       ;
; appleY[6]                               ; 2       ;
; appleY[4]                               ; 2       ;
; appleY[2]                               ; 3       ;
; appleY[3]                               ; 2       ;
; appleX[8]                               ; 2       ;
; appleX[5]                               ; 2       ;
; appleX[3]                               ; 2       ;
; appleX[2]                               ; 3       ;
; randomGen:comb_3|Ycor[1]                ; 7       ;
; randomGen:comb_3|Ycor[3]                ; 7       ;
; Total number of inverted registers = 15 ;         ;
+-----------------------------------------+---------+


+------------------------------------------------------------------------------------------------------------------------------------------------------+
; Multiplexer Restructuring Statistics (Restructuring Performed)                                                                                       ;
+--------------------+-----------+---------------+----------------------+------------------------+------------+----------------------------------------+
; Multiplexer Inputs ; Bus Width ; Baseline Area ; Area if Restructured ; Saving if Restructured ; Registered ; Example Multiplexer Output             ;
+--------------------+-----------+---------------+----------------------+------------------------+------------+----------------------------------------+
; 3:1                ; 8 bits    ; 16 LEs        ; 8 LEs                ; 8 LEs                  ; Yes        ; |SnakeGame|appleY[8]                   ;
; 3:1                ; 8 bits    ; 16 LEs        ; 16 LEs               ; 0 LEs                  ; Yes        ; |SnakeGame|randomGen:comb_3|rand_Y[1]  ;
; 5:1                ; 2 bits    ; 6 LEs         ; 4 LEs                ; 2 LEs                  ; Yes        ; |SnakeGame|buttonInput:b1|direction[1] ;
; 3:1                ; 9 bits    ; 18 LEs        ; 9 LEs                ; 9 LEs                  ; Yes        ; |SnakeGame|appleX[2]                   ;
+--------------------+-----------+---------------+----------------------+------------------------+------------+----------------------------------------+


+----------------------------------------------------------------+
; Parameter Settings for User Entity Instance: VGA_Generator:vga ;
+----------------+-------+---------------------------------------+
; Parameter Name ; Value ; Type                                  ;
+----------------+-------+---------------------------------------+
; porchHF        ; 640   ; Signed Integer                        ;
; syncH          ; 656   ; Signed Integer                        ;
; porchHB        ; 752   ; Signed Integer                        ;
; maxH           ; 800   ; Signed Integer                        ;
; porchVF        ; 480   ; Signed Integer                        ;
; syncV          ; 490   ; Signed Integer                        ;
; porchVB        ; 492   ; Signed Integer                        ;
; maxV           ; 525   ; Signed Integer                        ;
+----------------+-------+---------------------------------------+
Note: In order to hide this table in the UI and the text report file, please set the "Show Parameter Settings in Synthesis Report" option in "Analysis and Synthesis Settings -> More Settings" to "Off".


+-----------------------------------------------------+
; Post-Synthesis Netlist Statistics for Top Partition ;
+-----------------------+-----------------------------+
; Type                  ; Count                       ;
+-----------------------+-----------------------------+
; boundary_port         ; 18                          ;
; cycloneiii_ff         ; 127                         ;
;     ENA               ; 27                          ;
;     plain             ; 100                         ;
; cycloneiii_lcell_comb ; 339                         ;
;     arith             ; 166                         ;
;         2 data inputs ; 69                          ;
;         3 data inputs ; 97                          ;
;     normal            ; 173                         ;
;         0 data inputs ; 5                           ;
;         1 data inputs ; 12                          ;
;         2 data inputs ; 60                          ;
;         3 data inputs ; 28                          ;
;         4 data inputs ; 68                          ;
;                       ;                             ;
; Max LUT depth         ; 7.80                        ;
; Average LUT depth     ; 3.75                        ;
+-----------------------+-----------------------------+


+-------------------------------+
; Elapsed Time Per Partition    ;
+----------------+--------------+
; Partition Name ; Elapsed Time ;
+----------------+--------------+
; Top            ; 00:00:00     ;
+----------------+--------------+


+-------------------------------+
; Analysis & Synthesis Messages ;
+-------------------------------+
Info: *******************************************************************
Info: Running Quartus Prime Analysis & Synthesis
    Info: Version 20.1.0 Build 711 06/05/2020 SJ Lite Edition
    Info: Processing started: Mon Apr 12 18:50:39 2021
Info: Command: quartus_map --read_settings_files=on --write_settings_files=off SnakeGame -c SnakeGame
Warning (18236): Number of processors has not been specified which may cause overloading on shared machines.  Set the global assignment NUM_PARALLEL_PROCESSORS in your QSF to an appropriate value for best performance.
Info (20030): Parallel compilation is enabled and will use 6 of the 6 processors detected
Info (12021): Found 7 design units, including 7 entities, in source file snakegame.v
    Info (12023): Found entity 1: SnakeGame File: D:/Education/University/3rd Year/EECS 3216/Final Project/SnakeGame.v Line: 2
    Info (12023): Found entity 2: ClockDivider File: D:/Education/University/3rd Year/EECS 3216/Final Project/SnakeGame.v Line: 115
    Info (12023): Found entity 3: ClockDivider2 File: D:/Education/University/3rd Year/EECS 3216/Final Project/SnakeGame.v Line: 128
    Info (12023): Found entity 4: VGA_Generator File: D:/Education/University/3rd Year/EECS 3216/Final Project/SnakeGame.v Line: 146
    Info (12023): Found entity 5: randomGen File: D:/Education/University/3rd Year/EECS 3216/Final Project/SnakeGame.v Line: 195
    Info (12023): Found entity 6: apple File: D:/Education/University/3rd Year/EECS 3216/Final Project/SnakeGame.v Line: 233
    Info (12023): Found entity 7: buttonInput File: D:/Education/University/3rd Year/EECS 3216/Final Project/SnakeGame.v Line: 257
Critical Warning (10846): Verilog HDL Instantiation warning at SnakeGame.v(29): instance has no name File: D:/Education/University/3rd Year/EECS 3216/Final Project/SnakeGame.v Line: 29
Info (12127): Elaborating entity "SnakeGame" for the top level hierarchy
Warning (10036): Verilog HDL or VHDL warning at SnakeGame.v(11): object "randomX" assigned a value but never read File: D:/Education/University/3rd Year/EECS 3216/Final Project/SnakeGame.v Line: 11
Warning (10036): Verilog HDL or VHDL warning at SnakeGame.v(13): object "randomY" assigned a value but never read File: D:/Education/University/3rd Year/EECS 3216/Final Project/SnakeGame.v Line: 13
Warning (10230): Verilog HDL assignment warning at SnakeGame.v(69): truncated value with size 32 to match size of target (10) File: D:/Education/University/3rd Year/EECS 3216/Final Project/SnakeGame.v Line: 69
Warning (10230): Verilog HDL assignment warning at SnakeGame.v(73): truncated value with size 32 to match size of target (10) File: D:/Education/University/3rd Year/EECS 3216/Final Project/SnakeGame.v Line: 73
Warning (10230): Verilog HDL assignment warning at SnakeGame.v(77): truncated value with size 32 to match size of target (10) File: D:/Education/University/3rd Year/EECS 3216/Final Project/SnakeGame.v Line: 77
Warning (10230): Verilog HDL assignment warning at SnakeGame.v(81): truncated value with size 32 to match size of target (10) File: D:/Education/University/3rd Year/EECS 3216/Final Project/SnakeGame.v Line: 81
Info (12128): Elaborating entity "ClockDivider" for hierarchy "ClockDivider:c1" File: D:/Education/University/3rd Year/EECS 3216/Final Project/SnakeGame.v Line: 26
Info (12128): Elaborating entity "ClockDivider2" for hierarchy "ClockDivider2:c2" File: D:/Education/University/3rd Year/EECS 3216/Final Project/SnakeGame.v Line: 27
Warning (10230): Verilog HDL assignment warning at SnakeGame.v(136): truncated value with size 32 to match size of target (22) File: D:/Education/University/3rd Year/EECS 3216/Final Project/SnakeGame.v Line: 136
Info (12128): Elaborating entity "VGA_Generator" for hierarchy "VGA_Generator:vga" File: D:/Education/University/3rd Year/EECS 3216/Final Project/SnakeGame.v Line: 28
Info (12128): Elaborating entity "randomGen" for hierarchy "randomGen:comb_3" File: D:/Education/University/3rd Year/EECS 3216/Final Project/SnakeGame.v Line: 29
Warning (10230): Verilog HDL assignment warning at SnakeGame.v(204): truncated value with size 32 to match size of target (6) File: D:/Education/University/3rd Year/EECS 3216/Final Project/SnakeGame.v Line: 204
Warning (10230): Verilog HDL assignment warning at SnakeGame.v(208): truncated value with size 32 to match size of target (6) File: D:/Education/University/3rd Year/EECS 3216/Final Project/SnakeGame.v Line: 208
Warning (10230): Verilog HDL assignment warning at SnakeGame.v(217): truncated value with size 32 to match size of target (10) File: D:/Education/University/3rd Year/EECS 3216/Final Project/SnakeGame.v Line: 217
Warning (10230): Verilog HDL assignment warning at SnakeGame.v(229): truncated value with size 32 to match size of target (9) File: D:/Education/University/3rd Year/EECS 3216/Final Project/SnakeGame.v Line: 229
Warning (10030): Net "Xcor[0]" at SnakeGame.v(200) has no driver or initial value, using a default initial value '0' File: D:/Education/University/3rd Year/EECS 3216/Final Project/SnakeGame.v Line: 200
Info (12128): Elaborating entity "buttonInput" for hierarchy "buttonInput:b1" File: D:/Education/University/3rd Year/EECS 3216/Final Project/SnakeGame.v Line: 30
Info (286030): Timing-Driven Synthesis is running
Info (144001): Generated suppressed messages file D:/Education/University/3rd Year/EECS 3216/Final Project/output_files/SnakeGame.map.smsg
Info (16010): Generating hard_block partition "hard_block:auto_generated_inst"
    Info (16011): Adding 0 node(s), including 0 DDIO, 0 PLL, 0 transceiver and 0 LCELL
Info (21057): Implemented 371 device resources after synthesis - the final resource count might be different
    Info (21058): Implemented 4 input pins
    Info (21059): Implemented 14 output pins
    Info (21061): Implemented 353 logic cells
Info: Quartus Prime Analysis & Synthesis was successful. 0 errors, 14 warnings
    Info: Peak virtual memory: 4777 megabytes
    Info: Processing ended: Mon Apr 12 18:50:47 2021
    Info: Elapsed time: 00:00:08
    Info: Total CPU time (on all processors): 00:00:16


+------------------------------------------+
; Analysis & Synthesis Suppressed Messages ;
+------------------------------------------+
The suppressed messages can be found in D:/Education/University/3rd Year/EECS 3216/Final Project/output_files/SnakeGame.map.smsg.


